0.8
0.8020191919191919
0.8040383838383839
0.8060575757575758
0.8080767676767677
0.8100959595959596
0.8121151515151516
0.8141343434343434
0.8161535353535354
0.8181727272727273
0.8201919191919192
0.8222111111111111
0.8242303030303031
0.826249494949495
0.8282686868686869
0.8302878787878788
0.8323070707070708
0.8343262626262626
0.8363454545454546
0.8383646464646465
0.8403838383838385
0.8424030303030303
0.8444222222222223
0.8464414141414142
0.8484606060606061
0.850479797979798
0.85249898989899
0.8545181818181818
0.8565373737373738
0.8585565656565657
0.8605757575757575
0.8625949494949495
0.8646141414141415
0.8666333333333334
0.8686525252525252
0.8706717171717172
0.8726909090909092
0.874710101010101
0.8767292929292929
0.8787484848484849
0.8807676767676768
0.8827868686868687
0.8848060606060606
0.8868252525252526
0.8888444444444444
0.8908636363636364
0.8928828282828283
0.8949020202020203
0.8969212121212121
0.8989404040404041
0.900959595959596
0.9029787878787879
0.9049979797979798
0.9070171717171718
0.9090363636363636
0.9110555555555556
0.9130747474747475
0.9150939393939395
0.9171131313131313
0.9191323232323233
0.9211515151515152
0.9231707070707071
0.925189898989899
0.9272090909090909
0.9292282828282828
0.9312474747474748
0.9332666666666667
0.9352858585858586
0.9373050505050505
0.9393242424242425
0.9413434343434344
0.9433626262626262
0.9453818181818182
0.9474010101010101
0.949420202020202
0.9514393939393939
0.9534585858585859
0.9554777777777778
0.9574969696969697
0.9595161616161616
0.9615353535353536
0.9635545454545454
0.9655737373737374
0.9675929292929293
0.9696121212121213
0.9716313131313131
0.9736505050505051
0.975669696969697
0.9776888888888888
0.9797080808080808
0.9817272727272728
0.9837464646464646
0.9857656565656565
0.9877848484848485
0.9898040404040405
0.9918232323232323
0.9938424242424242
0.9958616161616162
0.9978808080808081
0.9999
