0.1
0.10722672220103231
0.11497569953977356
0.12328467394420663
0.1321941148466029
0.1417474162926805
0.1519911082952934
0.16297508346206444
0.17475284000076838
0.1873817422860384
0.20092330025650468
0.2154434690031884
0.23101297000831597
0.24770763559917108
0.26560877829466867
0.2848035868435802
0.30538555088334157
0.32745491628777285
0.3511191734215131
0.3764935806792468
0.40370172585965547
0.43287612810830584
0.464158883361278
0.49770235643321115
0.533669923120631
0.5722367659350217
0.6135907273413173
0.6579332246575681
0.7054802310718644
0.7564633275546289
0.8111308307896873
0.8697490026177834
0.9326033468832199
1.0
1.072267222010323
1.1497569953977356
1.232846739442066
1.3219411484660293
1.4174741629268055
1.5199110829529339
1.6297508346206444
1.7475284000076838
1.8738174228603839
2.009233002565047
2.1544346900318843
2.31012970008316
2.4770763559917115
2.656087782946687
2.848035868435802
3.0538555088334154
3.2745491628777286
3.511191734215131
3.7649358067924674
4.037017258596556
4.328761281083059
4.641588833612779
4.977023564332112
5.3366992312063095
5.722367659350217
6.1359072734131725
6.5793322465756825
7.054802310718645
7.56463327554629
8.111308307896872
8.697490026177835
9.326033468832199
10.0
10.722672220103231
11.497569953977356
12.32846739442066
13.219411484660288
14.174741629268048
15.199110829529332
16.297508346206453
17.475284000076847
18.73817422860385
20.09233002565048
21.544346900318846
23.101297000831604
24.770763559917114
26.560877829466868
28.48035868435802
30.538555088334157
32.74549162877728
35.11191734215131
37.64935806792467
40.37017258596554
43.28761281083057
46.41588833612782
49.770235643321136
53.366992312063125
57.223676593502205
61.35907273413176
65.79332246575683
70.54802310718645
75.64633275546291
81.11308307896873
86.97490026177834
93.26033468832199
100.0
