1e-08
1.2179444687475656e-08
1.4833887289527928e-08
1.8066850974305356e-08
2.2004421211841777e-08
2.680016310295435e-08
3.264111041277584e-08
3.9755059881018903e-08
4.841945528681523e-08
5.89722077463468e-08
7.182487423449542e-08
8.747870829239324e-08
1.0654420889790236e-07
1.2976492990428534e-07
1.580464786143399e-07
1.9249183443336567e-07
2.344443650271904e-07
2.8554021761390173e-07
3.4777212864782783e-07
4.235671404711896e-07
5.158812558801084e-07
6.283147221297257e-07
7.652524404505629e-07
9.320349770423408e-07
1.1351668449679833e-06
1.3825701799343835e-06
1.6838937033064087e-06
2.050889021900895e-06
2.4978689402392998e-06
3.0422656594207985e-06
3.7053106323522344e-06
4.512862589664948e-06
5.4964160293002495e-06
6.694329500821696e-06
8.153321587499436e-06
9.930292929415059e-06
1.2094545346424131e-05
1.473048460669391e-05
1.7940912248694043e-05
2.1851034837582358e-05
2.6613347016843792e-05
3.241357879402442e-05
3.947793900449543e-05
4.8081937448079086e-05
5.8561129761554357e-05
7.132420407669372e-05
8.686891984303168e-05
0.00010580152042889608
0.00012886037659145654
0.0001569447829102931
0.00019115003024437893
0.0002328101220370712
0.0002835498004034966
0.0003453479110159156
0.00042061457801536087
0.0005122851987684002
0.0006239349242612214
0.0007599180898623859
0.0009255380342491084
0.001127253929429199
0.0013729326882222514
0.001672155773583017
0.0020365928753197423
0.0024804570275863856
0.003021058916714866
0.003679481997373383
0.0044814047465571655
0.005458102123288386
0.006647665290918433
0.008096487171159282
0.009861071766399093
0.01201023781380856
0.01462780271367099
0.017815851405046247
0.02169871767480462
0.026427833170943327
0.032187633231533924
0.039202749856422074
0.04774677234732369
0.058152917280972105
0.07082702394389484
0.08626338205031811
0.10506400902364296
0.12796212865479054
0.1558507668042665
0.1898175793793231
0.23118727087609897
0.28157325780838993
0.3429405918949608
0.41768259700748367
0.5087142087173843
0.6195856566806328
0.7546209234695048
0.9190863797408653
1.1193961725066115
1.3633623766416232
1.6604996655292001
2.022396382988472
2.463166488275903
3.0
