0.0001
0.1516141414141414
0.3031282828282828
0.4546424242424242
0.6061565656565656
0.757670707070707
0.9091848484848484
1.0606989898989898
1.2122131313131312
1.3637272727272727
1.5152414141414141
1.6667555555555555
1.8182696969696968
1.9697838383838382
2.12129797979798
2.2728121212121213
2.4243262626262627
2.575840404040404
2.7273545454545456
2.878868686868687
3.0303828282828285
3.18189696969697
3.3334111111111113
3.4849252525252528
3.6364393939393937
3.787953535353535
3.9394676767676766
4.090981818181818
4.242495959595959
4.3940101010101005
4.545524242424242
4.697038383838383
4.848552525252525
5.000066666666666
5.151580808080808
5.303094949494949
5.4546090909090905
5.606123232323232
5.757637373737373
5.909151515151515
6.060665656565656
6.212179797979798
6.363693939393939
6.515208080808081
6.666722222222222
6.818236363636363
6.969750505050505
7.121264646464646
7.272778787878787
7.424292929292928
7.57580707070707
7.727321212121211
7.878835353535353
8.030349494949494
8.181863636363635
8.333377777777777
8.484891919191918
8.63640606060606
8.787920202020201
8.939434343434343
9.090948484848484
9.242462626262625
9.393976767676767
9.545490909090908
9.69700505050505
9.848519191919191
10.000033333333333
10.151547474747474
10.303061616161616
10.454575757575757
10.606089898989898
10.75760404040404
10.909118181818181
11.060632323232323
11.212146464646464
11.363660606060606
11.515174747474747
11.666688888888888
11.81820303030303
11.969717171717171
12.121231313131313
12.272745454545454
12.424259595959596
12.575773737373737
12.727287878787878
12.87880202020202
13.030316161616161
13.181830303030303
13.333344444444444
13.484858585858586
13.636372727272727
13.787886868686869
13.93940101010101
14.090915151515151
14.242429292929293
14.393943434343434
14.545457575757574
14.696971717171715
14.848485858585857
15.0
